
///////////////////////////////////
// Efinity Synthesis Started 
// Feb 19, 2023 23:24:47
///////////////////////////////////


///////////////////////////////////
// Efinity Synthesis Started 
// Feb 19, 2023 23:25:12
///////////////////////////////////


///////////////////////////////////
// Efinity Synthesis Started 
// Feb 19, 2023 23:43:42
///////////////////////////////////


///////////////////////////////////
// Efinity Synthesis Started 
// Feb 19, 2023 23:44:12
///////////////////////////////////


///////////////////////////////////
// Efinity Synthesis Started 
// Feb 20, 2023 00:50:34
///////////////////////////////////


///////////////////////////////////
// Efinity Synthesis Started 
// Feb 20, 2023 00:51:04
///////////////////////////////////


///////////////////////////////////
// Efinity Synthesis Started 
// Feb 20, 2023 01:02:43
///////////////////////////////////


///////////////////////////////////
// Efinity Synthesis Started 
// Feb 20, 2023 01:03:08
///////////////////////////////////


///////////////////////////////////
// Efinity Synthesis Started 
// Feb 20, 2023 01:11:12
///////////////////////////////////


///////////////////////////////////
// Efinity Synthesis Started 
// Feb 20, 2023 01:11:38
///////////////////////////////////


///////////////////////////////////
// Efinity Synthesis Started 
// Feb 20, 2023 01:36:15
///////////////////////////////////


///////////////////////////////////
// Efinity Synthesis Started 
// Feb 20, 2023 01:36:41
///////////////////////////////////


///////////////////////////////////
// Efinity Synthesis Started 
// Feb 20, 2023 01:41:54
///////////////////////////////////


///////////////////////////////////
// Efinity Synthesis Started 
// Feb 20, 2023 01:42:19
///////////////////////////////////


///////////////////////////////////
// Efinity Synthesis Started 
// Feb 20, 2023 01:54:57
///////////////////////////////////


///////////////////////////////////
// Efinity Synthesis Started 
// Feb 20, 2023 01:55:25
///////////////////////////////////


///////////////////////////////////
// Efinity Synthesis Started 
// Feb 20, 2023 02:12:34
///////////////////////////////////


///////////////////////////////////
// Efinity Synthesis Started 
// Feb 20, 2023 02:13:03
///////////////////////////////////


///////////////////////////////////
// Efinity Synthesis Started 
// Feb 20, 2023 02:20:43
///////////////////////////////////


///////////////////////////////////
// Efinity Synthesis Started 
// Feb 20, 2023 02:21:14
///////////////////////////////////


///////////////////////////////////
// Efinity Synthesis Started 
// Feb 20, 2023 02:38:35
///////////////////////////////////


///////////////////////////////////
// Efinity Synthesis Started 
// Feb 20, 2023 02:39:07
///////////////////////////////////


///////////////////////////////////
// Efinity Synthesis Started 
// Feb 20, 2023 02:47:30
///////////////////////////////////


///////////////////////////////////
// Efinity Synthesis Started 
// Feb 20, 2023 02:48:06
///////////////////////////////////


///////////////////////////////////
// Efinity Synthesis Started 
// Mar 12, 2023 17:29:25
///////////////////////////////////


///////////////////////////////////
// Efinity Synthesis Started 
// Mar 12, 2023 17:29:54
///////////////////////////////////


///////////////////////////////////
// Efinity Synthesis Started 
// May 06, 2023 12:08:01
///////////////////////////////////


///////////////////////////////////
// Efinity Synthesis Started 
// May 06, 2023 12:08:40
///////////////////////////////////


///////////////////////////////////
// Efinity Synthesis Started 
// May 06, 2023 18:25:42
///////////////////////////////////


///////////////////////////////////
// Efinity Synthesis Started 
// May 06, 2023 18:26:14
///////////////////////////////////


///////////////////////////////////
// Efinity Synthesis Started 
// May 07, 2023 17:43:20
///////////////////////////////////


///////////////////////////////////
// Efinity Synthesis Started 
// May 07, 2023 17:44:04
///////////////////////////////////


///////////////////////////////////
// Efinity Synthesis Started 
// May 07, 2023 17:52:22
///////////////////////////////////


///////////////////////////////////
// Efinity Synthesis Started 
// May 07, 2023 17:53:07
///////////////////////////////////


///////////////////////////////////
// Efinity Synthesis Started 
// May 07, 2023 18:04:44
///////////////////////////////////


///////////////////////////////////
// Efinity Synthesis Started 
// May 07, 2023 18:05:35
///////////////////////////////////


///////////////////////////////////
// Efinity Synthesis Started 
// May 07, 2023 18:22:00
///////////////////////////////////


///////////////////////////////////
// Efinity Synthesis Started 
// May 07, 2023 18:22:34
///////////////////////////////////


///////////////////////////////////
// Efinity Synthesis Started 
// May 07, 2023 23:08:53
///////////////////////////////////


///////////////////////////////////
// Efinity Synthesis Started 
// May 07, 2023 23:09:28
///////////////////////////////////


///////////////////////////////////
// Efinity Synthesis Started 
// May 08, 2023 08:39:30
///////////////////////////////////


///////////////////////////////////
// Efinity Synthesis Started 
// May 08, 2023 08:40:24
///////////////////////////////////


///////////////////////////////////
// Efinity Synthesis Started 
// May 08, 2023 09:39:27
///////////////////////////////////


///////////////////////////////////
// Efinity Synthesis Started 
// May 08, 2023 09:40:20
///////////////////////////////////


///////////////////////////////////
// Efinity Synthesis Started 
// May 08, 2023 11:21:03
///////////////////////////////////


///////////////////////////////////
// Efinity Synthesis Started 
// May 08, 2023 11:21:52
///////////////////////////////////

[EFX-0210 ERROR] No Top design.

///////////////////////////////////
// Efinity Synthesis Started 
// May 08, 2023 11:22:47
///////////////////////////////////


///////////////////////////////////
// Efinity Synthesis Started 
// May 08, 2023 11:23:36
///////////////////////////////////


///////////////////////////////////
// Efinity Synthesis Started 
// May 08, 2023 13:38:18
///////////////////////////////////


///////////////////////////////////
// Efinity Synthesis Started 
// May 08, 2023 13:39:12
///////////////////////////////////

[EFX-0210 ERROR] No Top design.

///////////////////////////////////
// Efinity Synthesis Started 
// May 08, 2023 13:40:08
///////////////////////////////////


///////////////////////////////////
// Efinity Synthesis Started 
// May 08, 2023 13:41:05
///////////////////////////////////


///////////////////////////////////
// Efinity Synthesis Started 
// May 08, 2023 14:00:03
///////////////////////////////////


///////////////////////////////////
// Efinity Synthesis Started 
// May 08, 2023 14:00:54
///////////////////////////////////


///////////////////////////////////
// Efinity Synthesis Started 
// May 08, 2023 14:19:40
///////////////////////////////////


///////////////////////////////////
// Efinity Synthesis Started 
// May 08, 2023 14:20:31
///////////////////////////////////


///////////////////////////////////
// Efinity Synthesis Started 
// May 08, 2023 14:49:45
///////////////////////////////////


///////////////////////////////////
// Efinity Synthesis Started 
// May 08, 2023 14:50:36
///////////////////////////////////


///////////////////////////////////
// Efinity Synthesis Started 
// May 08, 2023 15:24:34
///////////////////////////////////


///////////////////////////////////
// Efinity Synthesis Started 
// May 08, 2023 15:25:22
///////////////////////////////////


///////////////////////////////////
// Efinity Synthesis Started 
// May 08, 2023 18:29:07
///////////////////////////////////


///////////////////////////////////
// Efinity Synthesis Started 
// May 08, 2023 18:29:54
///////////////////////////////////


///////////////////////////////////
// Efinity Synthesis Started 
// May 08, 2023 18:46:24
///////////////////////////////////


///////////////////////////////////
// Efinity Synthesis Started 
// May 08, 2023 18:47:20
///////////////////////////////////


///////////////////////////////////
// Efinity Synthesis Started 
// May 08, 2023 18:51:19
///////////////////////////////////


///////////////////////////////////
// Efinity Synthesis Started 
// May 08, 2023 18:52:06
///////////////////////////////////


///////////////////////////////////
// Efinity Synthesis Started 
// May 08, 2023 20:21:04
///////////////////////////////////


///////////////////////////////////
// Efinity Synthesis Started 
// May 08, 2023 20:21:52
///////////////////////////////////


///////////////////////////////////
// Efinity Synthesis Started 
// May 08, 2023 20:28:12
///////////////////////////////////


///////////////////////////////////
// Efinity Synthesis Started 
// May 08, 2023 20:28:54
///////////////////////////////////


///////////////////////////////////
// Efinity Synthesis Started 
// May 08, 2023 20:38:10
///////////////////////////////////


///////////////////////////////////
// Efinity Synthesis Started 
// May 08, 2023 20:38:48
///////////////////////////////////


///////////////////////////////////
// Efinity Synthesis Started 
// May 08, 2023 21:57:02
///////////////////////////////////


///////////////////////////////////
// Efinity Synthesis Started 
// May 08, 2023 21:57:58
///////////////////////////////////

[EFX-0377 ERROR] Clock port 'CLK' of instance 'edb_top_inst/la1/la_resetn_p1~FF' is constant. (D:/FPGA_Prj/03_Ti60F225_DemoBoard/Prj_demo/00_demo_total/01_Ti60_Soft_DDR3_Axi_demo_v3/efinity_project/work_dbg/debug_top.v:4169)

///////////////////////////////////
// Efinity Synthesis Started 
// May 08, 2023 22:01:10
///////////////////////////////////


///////////////////////////////////
// Efinity Synthesis Started 
// May 08, 2023 22:02:05
///////////////////////////////////


///////////////////////////////////
// Efinity Synthesis Started 
// May 08, 2023 22:33:00
///////////////////////////////////


///////////////////////////////////
// Efinity Synthesis Started 
// May 08, 2023 22:33:56
///////////////////////////////////


///////////////////////////////////
// Efinity Synthesis Started 
// May 08, 2023 23:06:12
///////////////////////////////////


///////////////////////////////////
// Efinity Synthesis Started 
// May 08, 2023 23:07:17
///////////////////////////////////


///////////////////////////////////
// Efinity Synthesis Started 
// May 08, 2023 23:35:31
///////////////////////////////////


///////////////////////////////////
// Efinity Synthesis Started 
// May 08, 2023 23:36:28
///////////////////////////////////


///////////////////////////////////
// Efinity Synthesis Started 
// May 08, 2023 23:41:58
///////////////////////////////////


///////////////////////////////////
// Efinity Synthesis Started 
// May 08, 2023 23:42:59
///////////////////////////////////


///////////////////////////////////
// Efinity Synthesis Started 
// May 08, 2023 23:57:16
///////////////////////////////////


///////////////////////////////////
// Efinity Synthesis Started 
// May 08, 2023 23:58:11
///////////////////////////////////

[EFX-0210 ERROR] No Top design.

///////////////////////////////////
// Efinity Synthesis Started 
// May 09, 2023 00:00:26
///////////////////////////////////


///////////////////////////////////
// Efinity Synthesis Started 
// May 09, 2023 00:00:59
///////////////////////////////////


///////////////////////////////////
// Efinity Synthesis Started 
// May 09, 2023 00:15:53
///////////////////////////////////


///////////////////////////////////
// Efinity Synthesis Started 
// May 09, 2023 00:16:26
///////////////////////////////////


///////////////////////////////////
// Efinity Synthesis Started 
// May 09, 2023 09:25:53
///////////////////////////////////


///////////////////////////////////
// Efinity Synthesis Started 
// May 09, 2023 09:26:28
///////////////////////////////////


///////////////////////////////////
// Efinity Synthesis Started 
// May 09, 2023 09:42:21
///////////////////////////////////


///////////////////////////////////
// Efinity Synthesis Started 
// May 09, 2023 09:42:53
///////////////////////////////////


///////////////////////////////////
// Efinity Synthesis Started 
// May 09, 2023 09:57:19
///////////////////////////////////


///////////////////////////////////
// Efinity Synthesis Started 
// May 09, 2023 09:57:52
///////////////////////////////////

[EFX-0210 ERROR] No Top design.

///////////////////////////////////
// Efinity Synthesis Started 
// May 09, 2023 10:01:01
///////////////////////////////////


///////////////////////////////////
// Efinity Synthesis Started 
// May 09, 2023 10:01:39
///////////////////////////////////


///////////////////////////////////
// Efinity Synthesis Started 
// May 09, 2023 23:59:28
///////////////////////////////////


///////////////////////////////////
// Efinity Synthesis Started 
// May 10, 2023 00:00:00
///////////////////////////////////


///////////////////////////////////
// Efinity Synthesis Started 
// May 10, 2023 11:19:13
///////////////////////////////////


///////////////////////////////////
// Efinity Synthesis Started 
// May 10, 2023 11:19:50
///////////////////////////////////


///////////////////////////////////
// Efinity Synthesis Started 
// Jul 22, 2023 16:32:35
///////////////////////////////////


///////////////////////////////////
// Efinity Synthesis Started 
// Jul 22, 2023 16:33:02
///////////////////////////////////


///////////////////////////////////
// Efinity Synthesis Started 
// Jul 22, 2023 16:43:04
///////////////////////////////////


///////////////////////////////////
// Efinity Synthesis Started 
// Jul 22, 2023 16:43:43
///////////////////////////////////


///////////////////////////////////
// Efinity Synthesis Started 
// Jul 22, 2023 16:54:59
///////////////////////////////////


///////////////////////////////////
// Efinity Synthesis Started 
// Jul 22, 2023 16:55:26
///////////////////////////////////


///////////////////////////////////
// Efinity Synthesis Started 
// Jul 22, 2023 17:14:11
///////////////////////////////////


///////////////////////////////////
// Efinity Synthesis Started 
// Jul 22, 2023 17:14:38
///////////////////////////////////


///////////////////////////////////
// Efinity Synthesis Started 
// Jul 22, 2023 17:24:18
///////////////////////////////////


///////////////////////////////////
// Efinity Synthesis Started 
// Jul 22, 2023 17:24:50
///////////////////////////////////


///////////////////////////////////
// Efinity Synthesis Started 
// Jul 22, 2023 17:59:38
///////////////////////////////////


///////////////////////////////////
// Efinity Synthesis Started 
// Jul 22, 2023 18:00:05
///////////////////////////////////


///////////////////////////////////
// Efinity Synthesis Started 
// Jul 22, 2023 18:32:21
///////////////////////////////////


///////////////////////////////////
// Efinity Synthesis Started 
// Jul 22, 2023 18:32:48
///////////////////////////////////

[EFX-0210 ERROR] No Top design.

///////////////////////////////////
// Efinity Synthesis Started 
// Jul 22, 2023 18:34:26
///////////////////////////////////


///////////////////////////////////
// Efinity Synthesis Started 
// Jul 22, 2023 18:34:52
///////////////////////////////////


///////////////////////////////////
// Efinity Synthesis Started 
// Jul 22, 2023 19:19:38
///////////////////////////////////


///////////////////////////////////
// Efinity Synthesis Started 
// Jul 22, 2023 19:20:03
///////////////////////////////////


///////////////////////////////////
// Efinity Synthesis Started 
// Jul 22, 2023 19:50:23
///////////////////////////////////


///////////////////////////////////
// Efinity Synthesis Started 
// Jul 22, 2023 19:50:50
///////////////////////////////////


///////////////////////////////////
// Efinity Synthesis Started 
// Jul 22, 2023 20:28:24
///////////////////////////////////


///////////////////////////////////
// Efinity Synthesis Started 
// Jul 22, 2023 20:28:51
///////////////////////////////////


///////////////////////////////////
// Efinity Synthesis Started 
// Jul 22, 2023 21:42:15
///////////////////////////////////


///////////////////////////////////
// Efinity Synthesis Started 
// Jul 22, 2023 21:42:42
///////////////////////////////////


///////////////////////////////////
// Efinity Synthesis Started 
// Jul 22, 2023 22:05:00
///////////////////////////////////


///////////////////////////////////
// Efinity Synthesis Started 
// Jul 22, 2023 22:05:27
///////////////////////////////////


///////////////////////////////////
// Efinity Synthesis Started 
// Jul 22, 2023 22:24:13
///////////////////////////////////


///////////////////////////////////
// Efinity Synthesis Started 
// Jul 22, 2023 22:24:39
///////////////////////////////////


///////////////////////////////////
// Efinity Synthesis Started 
// Jul 23, 2023 00:00:09
///////////////////////////////////


///////////////////////////////////
// Efinity Synthesis Started 
// Jul 23, 2023 00:00:36
///////////////////////////////////


///////////////////////////////////
// Efinity Synthesis Started 
// Sep 30, 2023 19:01:54
///////////////////////////////////


///////////////////////////////////
// Efinity Synthesis Started 
// Sep 30, 2023 19:02:15
///////////////////////////////////


///////////////////////////////////
// Efinity Synthesis Started 
// Sep 30, 2023 19:32:08
///////////////////////////////////


///////////////////////////////////
// Efinity Synthesis Started 
// Sep 30, 2023 19:32:29
///////////////////////////////////


///////////////////////////////////
// Efinity Synthesis Started 
// Sep 30, 2023 19:44:17
///////////////////////////////////


///////////////////////////////////
// Efinity Synthesis Started 
// Sep 30, 2023 19:44:38
///////////////////////////////////


///////////////////////////////////
// Efinity Synthesis Started 
// Sep 30, 2023 19:56:18
///////////////////////////////////


///////////////////////////////////
// Efinity Synthesis Started 
// Sep 30, 2023 19:56:38
///////////////////////////////////


///////////////////////////////////
// Efinity Synthesis Started 
// Sep 30, 2023 20:19:33
///////////////////////////////////


///////////////////////////////////
// Efinity Synthesis Started 
// Sep 30, 2023 20:34:58
///////////////////////////////////


///////////////////////////////////
// Efinity Synthesis Started 
// Sep 30, 2023 20:35:19
///////////////////////////////////


///////////////////////////////////
// Efinity Synthesis Started 
// Sep 30, 2023 20:44:01
///////////////////////////////////


///////////////////////////////////
// Efinity Synthesis Started 
// Sep 30, 2023 20:44:22
///////////////////////////////////


///////////////////////////////////
// Efinity Synthesis Started 
// Sep 30, 2023 20:52:16
///////////////////////////////////


///////////////////////////////////
// Efinity Synthesis Started 
// Sep 30, 2023 20:52:37
///////////////////////////////////


///////////////////////////////////
// Efinity Synthesis Started 
// Sep 30, 2023 21:15:30
///////////////////////////////////


///////////////////////////////////
// Efinity Synthesis Started 
// Sep 30, 2023 21:15:51
///////////////////////////////////


///////////////////////////////////
// Efinity Synthesis Started 
// Sep 30, 2023 21:27:14
///////////////////////////////////


///////////////////////////////////
// Efinity Synthesis Started 
// Sep 30, 2023 21:27:34
///////////////////////////////////


///////////////////////////////////
// Efinity Synthesis Started 
// Sep 30, 2023 21:52:37
///////////////////////////////////


///////////////////////////////////
// Efinity Synthesis Started 
// Sep 30, 2023 21:52:57
///////////////////////////////////


///////////////////////////////////
// Efinity Synthesis Started 
// Sep 30, 2023 22:09:32
///////////////////////////////////


///////////////////////////////////
// Efinity Synthesis Started 
// Sep 30, 2023 22:09:53
///////////////////////////////////


///////////////////////////////////
// Efinity Synthesis Started 
// Sep 30, 2023 22:16:31
///////////////////////////////////


///////////////////////////////////
// Efinity Synthesis Started 
// Sep 30, 2023 22:16:51
///////////////////////////////////


///////////////////////////////////
// Efinity Synthesis Started 
// Sep 30, 2023 22:25:03
///////////////////////////////////


///////////////////////////////////
// Efinity Synthesis Started 
// Sep 30, 2023 22:25:23
///////////////////////////////////


///////////////////////////////////
// Efinity Synthesis Started 
// Sep 30, 2023 22:33:03
///////////////////////////////////


///////////////////////////////////
// Efinity Synthesis Started 
// Sep 30, 2023 22:33:24
///////////////////////////////////


///////////////////////////////////
// Efinity Synthesis Started 
// Sep 30, 2023 22:46:22
///////////////////////////////////


///////////////////////////////////
// Efinity Synthesis Started 
// Sep 30, 2023 22:46:43
///////////////////////////////////


///////////////////////////////////
// Efinity Synthesis Started 
// Sep 30, 2023 22:52:53
///////////////////////////////////


///////////////////////////////////
// Efinity Synthesis Started 
// Sep 30, 2023 22:53:13
///////////////////////////////////


///////////////////////////////////
// Efinity Synthesis Started 
// Sep 30, 2023 22:59:44
///////////////////////////////////


///////////////////////////////////
// Efinity Synthesis Started 
// Sep 30, 2023 23:00:04
///////////////////////////////////


///////////////////////////////////
// Efinity Synthesis Started 
// Sep 30, 2023 23:07:58
///////////////////////////////////


///////////////////////////////////
// Efinity Synthesis Started 
// Sep 30, 2023 23:08:19
///////////////////////////////////


///////////////////////////////////
// Efinity Synthesis Started 
// Sep 30, 2023 23:23:29
///////////////////////////////////


///////////////////////////////////
// Efinity Synthesis Started 
// Sep 30, 2023 23:23:49
///////////////////////////////////


///////////////////////////////////
// Efinity Synthesis Started 
// Sep 30, 2023 23:35:42
///////////////////////////////////


///////////////////////////////////
// Efinity Synthesis Started 
// Sep 30, 2023 23:36:02
///////////////////////////////////


///////////////////////////////////
// Efinity Synthesis Started 
// Sep 30, 2023 23:52:07
///////////////////////////////////


///////////////////////////////////
// Efinity Synthesis Started 
// Sep 30, 2023 23:52:28
///////////////////////////////////


///////////////////////////////////
// Efinity Synthesis Started 
// Oct 01, 2023 00:14:21
///////////////////////////////////


///////////////////////////////////
// Efinity Synthesis Started 
// Oct 01, 2023 00:14:42
///////////////////////////////////


///////////////////////////////////
// Efinity Synthesis Started 
// Oct 01, 2023 00:24:21
///////////////////////////////////


///////////////////////////////////
// Efinity Synthesis Started 
// Oct 01, 2023 00:24:42
///////////////////////////////////


///////////////////////////////////
// Efinity Synthesis Started 
// Oct 01, 2023 01:25:21
///////////////////////////////////


///////////////////////////////////
// Efinity Synthesis Started 
// Oct 01, 2023 01:25:42
///////////////////////////////////


///////////////////////////////////
// Efinity Synthesis Started 
// Oct 01, 2023 01:32:16
///////////////////////////////////


///////////////////////////////////
// Efinity Synthesis Started 
// Oct 01, 2023 01:32:37
///////////////////////////////////


///////////////////////////////////
// Efinity Synthesis Started 
// Oct 01, 2023 01:48:33
///////////////////////////////////


///////////////////////////////////
// Efinity Synthesis Started 
// Oct 01, 2023 01:48:53
///////////////////////////////////


///////////////////////////////////
// Efinity Synthesis Started 
// Oct 01, 2023 02:03:05
///////////////////////////////////


///////////////////////////////////
// Efinity Synthesis Started 
// Oct 01, 2023 02:03:25
///////////////////////////////////


///////////////////////////////////
// Efinity Synthesis Started 
// Oct 01, 2023 02:17:15
///////////////////////////////////


///////////////////////////////////
// Efinity Synthesis Started 
// Oct 01, 2023 02:17:35
///////////////////////////////////


///////////////////////////////////
// Efinity Synthesis Started 
// Oct 01, 2023 02:24:01
///////////////////////////////////


///////////////////////////////////
// Efinity Synthesis Started 
// Oct 01, 2023 02:24:22
///////////////////////////////////


///////////////////////////////////
// Efinity Synthesis Started 
// Oct 04, 2023 14:29:02
///////////////////////////////////


///////////////////////////////////
// Efinity Synthesis Started 
// Oct 04, 2023 14:29:25
///////////////////////////////////


///////////////////////////////////
// Efinity Synthesis Started 
// Oct 04, 2023 14:44:21
///////////////////////////////////


///////////////////////////////////
// Efinity Synthesis Started 
// Oct 04, 2023 14:44:44
///////////////////////////////////


///////////////////////////////////
// Efinity Synthesis Started 
// Oct 14, 2023 15:08:03
///////////////////////////////////


///////////////////////////////////
// Efinity Synthesis Started 
// Oct 14, 2023 15:08:25
///////////////////////////////////


///////////////////////////////////
// Efinity Synthesis Started 
// Oct 14, 2023 22:03:58
///////////////////////////////////


///////////////////////////////////
// Efinity Synthesis Started 
// Oct 14, 2023 22:04:20
///////////////////////////////////


///////////////////////////////////
// Efinity Synthesis Started 
// Oct 14, 2023 22:16:44
///////////////////////////////////


///////////////////////////////////
// Efinity Synthesis Started 
// Oct 14, 2023 22:17:06
///////////////////////////////////


///////////////////////////////////
// Efinity Synthesis Started 
// Oct 14, 2023 22:49:36
///////////////////////////////////


///////////////////////////////////
// Efinity Synthesis Started 
// Oct 14, 2023 22:50:01
///////////////////////////////////


///////////////////////////////////
// Efinity Synthesis Started 
// Oct 15, 2023 00:06:29
///////////////////////////////////


///////////////////////////////////
// Efinity Synthesis Started 
// Oct 15, 2023 00:06:52
///////////////////////////////////


///////////////////////////////////
// Efinity Synthesis Started 
// Oct 15, 2023 12:33:30
///////////////////////////////////


///////////////////////////////////
// Efinity Synthesis Started 
// Oct 15, 2023 12:33:52
///////////////////////////////////


///////////////////////////////////
// Efinity Synthesis Started 
// Oct 15, 2023 12:58:44
///////////////////////////////////


///////////////////////////////////
// Efinity Synthesis Started 
// Oct 15, 2023 12:59:09
///////////////////////////////////


///////////////////////////////////
// Efinity Synthesis Started 
// Oct 15, 2023 13:31:02
///////////////////////////////////


///////////////////////////////////
// Efinity Synthesis Started 
// Oct 15, 2023 13:31:27
///////////////////////////////////


///////////////////////////////////
// Efinity Synthesis Started 
// Oct 15, 2023 13:43:11
///////////////////////////////////


///////////////////////////////////
// Efinity Synthesis Started 
// Oct 15, 2023 13:43:36
///////////////////////////////////


///////////////////////////////////
// Efinity Synthesis Started 
// Oct 15, 2023 14:12:01
///////////////////////////////////


///////////////////////////////////
// Efinity Synthesis Started 
// Oct 15, 2023 14:12:26
///////////////////////////////////


///////////////////////////////////
// Efinity Synthesis Started 
// Oct 15, 2023 14:42:40
///////////////////////////////////


///////////////////////////////////
// Efinity Synthesis Started 
// Oct 15, 2023 14:43:04
///////////////////////////////////


///////////////////////////////////
// Efinity Synthesis Started 
// Oct 15, 2023 15:20:32
///////////////////////////////////


///////////////////////////////////
// Efinity Synthesis Started 
// Oct 15, 2023 15:20:55
///////////////////////////////////


///////////////////////////////////
// Efinity Synthesis Started 
// Oct 15, 2023 18:04:02
///////////////////////////////////


///////////////////////////////////
// Efinity Synthesis Started 
// Oct 15, 2023 18:04:23
///////////////////////////////////


///////////////////////////////////
// Efinity Synthesis Started 
// Oct 15, 2023 18:21:55
///////////////////////////////////


///////////////////////////////////
// Efinity Synthesis Started 
// Oct 15, 2023 18:22:17
///////////////////////////////////


///////////////////////////////////
// Efinity Synthesis Started 
// Oct 15, 2023 19:09:50
///////////////////////////////////


///////////////////////////////////
// Efinity Synthesis Started 
// Oct 15, 2023 19:10:12
///////////////////////////////////


///////////////////////////////////
// Efinity Synthesis Started 
// Oct 15, 2023 19:36:11
///////////////////////////////////


///////////////////////////////////
// Efinity Synthesis Started 
// Oct 15, 2023 19:36:33
///////////////////////////////////


///////////////////////////////////
// Efinity Synthesis Started 
// Oct 15, 2023 19:44:55
///////////////////////////////////


///////////////////////////////////
// Efinity Synthesis Started 
// Oct 15, 2023 19:45:17
///////////////////////////////////


///////////////////////////////////
// Efinity Synthesis Started 
// Oct 15, 2023 20:08:26
///////////////////////////////////


///////////////////////////////////
// Efinity Synthesis Started 
// Oct 15, 2023 20:08:49
///////////////////////////////////


///////////////////////////////////
// Efinity Synthesis Started 
// Oct 15, 2023 20:31:12
///////////////////////////////////


///////////////////////////////////
// Efinity Synthesis Started 
// Oct 15, 2023 20:31:35
///////////////////////////////////


///////////////////////////////////
// Efinity Synthesis Started 
// Oct 15, 2023 20:45:59
///////////////////////////////////


///////////////////////////////////
// Efinity Synthesis Started 
// Oct 15, 2023 20:46:21
///////////////////////////////////


///////////////////////////////////
// Efinity Synthesis Started 
// Oct 15, 2023 21:14:08
///////////////////////////////////


///////////////////////////////////
// Efinity Synthesis Started 
// Oct 15, 2023 21:14:30
///////////////////////////////////


///////////////////////////////////
// Efinity Synthesis Started 
// Oct 15, 2023 21:59:39
///////////////////////////////////


///////////////////////////////////
// Efinity Synthesis Started 
// Oct 15, 2023 22:00:03
///////////////////////////////////


///////////////////////////////////
// Efinity Synthesis Started 
// Oct 26, 2023 15:47:06
///////////////////////////////////


///////////////////////////////////
// Efinity Synthesis Started 
// Oct 26, 2023 15:47:29
///////////////////////////////////


///////////////////////////////////
// Efinity Synthesis Started 
// Oct 26, 2023 15:56:12
///////////////////////////////////


///////////////////////////////////
// Efinity Synthesis Started 
// Oct 26, 2023 15:56:34
///////////////////////////////////


///////////////////////////////////
// Efinity Synthesis Started 
// Oct 26, 2023 16:11:19
///////////////////////////////////


///////////////////////////////////
// Efinity Synthesis Started 
// Oct 26, 2023 16:11:41
///////////////////////////////////


///////////////////////////////////
// Efinity Synthesis Started 
// Oct 26, 2023 16:30:05
///////////////////////////////////


///////////////////////////////////
// Efinity Synthesis Started 
// Oct 26, 2023 16:30:28
///////////////////////////////////


///////////////////////////////////
// Efinity Synthesis Started 
// Oct 26, 2023 17:04:55
///////////////////////////////////


///////////////////////////////////
// Efinity Synthesis Started 
// Oct 26, 2023 17:05:17
///////////////////////////////////


///////////////////////////////////
// Efinity Synthesis Started 
// Oct 26, 2023 17:28:06
///////////////////////////////////


///////////////////////////////////
// Efinity Synthesis Started 
// Oct 26, 2023 17:28:29
///////////////////////////////////


///////////////////////////////////
// Efinity Synthesis Started 
// Oct 26, 2023 17:44:05
///////////////////////////////////


///////////////////////////////////
// Efinity Synthesis Started 
// Oct 26, 2023 17:44:27
///////////////////////////////////


///////////////////////////////////
// Efinity Synthesis Started 
// Oct 26, 2023 19:11:07
///////////////////////////////////


///////////////////////////////////
// Efinity Synthesis Started 
// Oct 26, 2023 19:11:29
///////////////////////////////////


///////////////////////////////////
// Efinity Synthesis Started 
// Oct 26, 2023 19:28:38
///////////////////////////////////


///////////////////////////////////
// Efinity Synthesis Started 
// Oct 26, 2023 19:29:00
///////////////////////////////////


///////////////////////////////////
// Efinity Synthesis Started 
// Oct 26, 2023 19:47:08
///////////////////////////////////


///////////////////////////////////
// Efinity Synthesis Started 
// Oct 26, 2023 19:47:31
///////////////////////////////////


///////////////////////////////////
// Efinity Synthesis Started 
// Oct 26, 2023 22:02:40
///////////////////////////////////


///////////////////////////////////
// Efinity Synthesis Started 
// Oct 26, 2023 22:03:05
///////////////////////////////////


///////////////////////////////////
// Efinity Synthesis Started 
// Oct 27, 2023 16:56:24
///////////////////////////////////


///////////////////////////////////
// Efinity Synthesis Started 
// Oct 27, 2023 16:56:46
///////////////////////////////////


///////////////////////////////////
// Efinity Synthesis Started 
// Oct 27, 2023 18:35:54
///////////////////////////////////


///////////////////////////////////
// Efinity Synthesis Started 
// Oct 27, 2023 18:36:15
///////////////////////////////////


///////////////////////////////////
// Efinity Synthesis Started 
// Oct 27, 2023 18:55:21
///////////////////////////////////


///////////////////////////////////
// Efinity Synthesis Started 
// Oct 27, 2023 18:55:43
///////////////////////////////////


///////////////////////////////////
// Efinity Synthesis Started 
// Oct 27, 2023 19:37:06
///////////////////////////////////


///////////////////////////////////
// Efinity Synthesis Started 
// Oct 27, 2023 19:37:28
///////////////////////////////////


///////////////////////////////////
// Efinity Synthesis Started 
// Oct 27, 2023 20:40:56
///////////////////////////////////


///////////////////////////////////
// Efinity Synthesis Started 
// Oct 27, 2023 20:41:21
///////////////////////////////////


///////////////////////////////////
// Efinity Synthesis Started 
// Oct 27, 2023 22:58:38
///////////////////////////////////


///////////////////////////////////
// Efinity Synthesis Started 
// Oct 27, 2023 22:59:01
///////////////////////////////////


///////////////////////////////////
// Efinity Synthesis Started 
// Oct 28, 2023 11:54:43
///////////////////////////////////


///////////////////////////////////
// Efinity Synthesis Started 
// Oct 28, 2023 11:55:06
///////////////////////////////////


///////////////////////////////////
// Efinity Synthesis Started 
// Oct 28, 2023 13:05:43
///////////////////////////////////


///////////////////////////////////
// Efinity Synthesis Started 
// Oct 28, 2023 13:06:04
///////////////////////////////////


///////////////////////////////////
// Efinity Synthesis Started 
// Oct 28, 2023 13:42:01
///////////////////////////////////


///////////////////////////////////
// Efinity Synthesis Started 
// Oct 28, 2023 13:42:24
///////////////////////////////////


///////////////////////////////////
// Efinity Synthesis Started 
// Oct 28, 2023 18:17:11
///////////////////////////////////


///////////////////////////////////
// Efinity Synthesis Started 
// Oct 28, 2023 18:17:35
///////////////////////////////////


///////////////////////////////////
// Efinity Synthesis Started 
// Oct 28, 2023 18:27:45
///////////////////////////////////


///////////////////////////////////
// Efinity Synthesis Started 
// Oct 28, 2023 18:28:09
///////////////////////////////////


///////////////////////////////////
// Efinity Synthesis Started 
// Oct 28, 2023 18:56:00
///////////////////////////////////


///////////////////////////////////
// Efinity Synthesis Started 
// Oct 28, 2023 18:56:24
///////////////////////////////////


///////////////////////////////////
// Efinity Synthesis Started 
// Oct 28, 2023 20:22:41
///////////////////////////////////


///////////////////////////////////
// Efinity Synthesis Started 
// Oct 28, 2023 20:23:03
///////////////////////////////////


///////////////////////////////////
// Efinity Synthesis Started 
// Oct 28, 2023 23:54:44
///////////////////////////////////


///////////////////////////////////
// Efinity Synthesis Started 
// Oct 28, 2023 23:55:06
///////////////////////////////////


///////////////////////////////////
// Efinity Synthesis Started 
// Oct 29, 2023 01:31:00
///////////////////////////////////


///////////////////////////////////
// Efinity Synthesis Started 
// Oct 29, 2023 01:31:22
///////////////////////////////////


///////////////////////////////////
// Efinity Synthesis Started 
// Oct 29, 2023 11:23:00
///////////////////////////////////


///////////////////////////////////
// Efinity Synthesis Started 
// Oct 29, 2023 11:23:22
///////////////////////////////////


///////////////////////////////////
// Efinity Synthesis Started 
// Oct 29, 2023 18:37:01
///////////////////////////////////


///////////////////////////////////
// Efinity Synthesis Started 
// Oct 29, 2023 18:37:23
///////////////////////////////////


///////////////////////////////////
// Efinity Synthesis Started 
// Oct 30, 2023 22:46:35
///////////////////////////////////


///////////////////////////////////
// Efinity Synthesis Started 
// Oct 30, 2023 22:46:59
///////////////////////////////////


///////////////////////////////////
// Efinity Synthesis Started 
// Oct 31, 2023 01:01:09
///////////////////////////////////


///////////////////////////////////
// Efinity Synthesis Started 
// Oct 31, 2023 01:01:31
///////////////////////////////////


///////////////////////////////////
// Efinity Synthesis Started 
// Oct 31, 2023 20:49:26
///////////////////////////////////


///////////////////////////////////
// Efinity Synthesis Started 
// Oct 31, 2023 20:49:49
///////////////////////////////////


///////////////////////////////////
// Efinity Synthesis Started 
// Oct 31, 2023 22:27:20
///////////////////////////////////


///////////////////////////////////
// Efinity Synthesis Started 
// Oct 31, 2023 22:27:44
///////////////////////////////////


///////////////////////////////////
// Efinity Synthesis Started 
// Nov 05, 2023 12:57:01
///////////////////////////////////


///////////////////////////////////
// Efinity Synthesis Started 
// Nov 05, 2023 12:57:24
///////////////////////////////////


///////////////////////////////////
// Efinity Synthesis Started 
// Nov 05, 2023 14:45:04
///////////////////////////////////


///////////////////////////////////
// Efinity Synthesis Started 
// Nov 05, 2023 14:45:27
///////////////////////////////////


///////////////////////////////////
// Efinity Synthesis Started 
// Nov 05, 2023 15:06:07
///////////////////////////////////


///////////////////////////////////
// Efinity Synthesis Started 
// Nov 05, 2023 15:06:31
///////////////////////////////////

